<?xml version="1.0" encoding="UTF-8"?>
<!-- Generated by org.testng.reporters.JUnitReportReporter -->
<testsuite hostname="LAPTOP-1HPIPLEK" failures="0" tests="1" name="testcase.FT_MM_TestCase" time="31.564" errors="0" timestamp="2023-08-16T10:34:58 EDT" skipped="0">
  <testcase classname="testcase.FT_MM_TestCase" name="testBLSBetaLabs" time="31.564"/>
  <system-out/>
</testsuite> <!-- testcase.FT_MM_TestCase -->
