<?xml version="1.0" encoding="UTF-8"?>
<!-- Generated by org.testng.reporters.JUnitReportReporter -->
<testsuite hostname="LAPTOP-1HPIPLEK" failures="0" tests="1" name="testcase.Test1" time="10.532" errors="0" timestamp="2023-08-15T18:32:15 EDT" skipped="0">
  <testcase classname="testcase.Test1" name="verifyCoinMarketCap" time="10.532"/>
  <system-out/>
</testsuite> <!-- testcase.Test1 -->
