<?xml version="1.0" encoding="UTF-8"?>
<!-- Generated by org.testng.reporters.JUnitReportReporter -->
<testsuite hostname="LAPTOP-1HPIPLEK" failures="0" tests="1" name="testcases.TestCoinmarketcap" time="22.775" errors="0" timestamp="2023-08-10T14:24:21 EDT" skipped="0">
  <testcase classname="testcases.TestCoinmarketcap" name="verifyCoinMarketCap" time="22.775"/>
  <system-out/>
</testsuite> <!-- testcases.TestCoinmarketcap -->
