<?xml version="1.0" encoding="UTF-8"?>
<!-- Generated by org.testng.reporters.JUnitReportReporter -->
<testsuite hostname="LAPTOP-1HPIPLEK" failures="0" tests="1" name="testcases.TC001_Login" time="7.029" errors="0" timestamp="2023-08-09T22:08:25 EDT" skipped="0">
  <testcase classname="testcases.TC001_Login" name="doLogin" time="7.029"/>
  <system-out/>
</testsuite> <!-- testcases.TC001_Login -->
