<?xml version="1.0" encoding="UTF-8"?>
<!-- Generated by org.testng.reporters.JUnitReportReporter -->
<testsuite hostname="LAPTOP-1HPIPLEK" failures="0" tests="1" name="testcases.TestAlert" time="42.273" errors="0" timestamp="2023-08-15T13:12:33 EDT" skipped="0">
  <testcase classname="testcases.TestAlert" name="acceptAlert" time="42.273"/>
  <system-out/>
</testsuite> <!-- testcases.TestAlert -->
