<?xml version="1.0" encoding="UTF-8"?>
<!-- Generated by org.testng.reporters.JUnitReportReporter -->
<testsuite hostname="LAPTOP-1HPIPLEK" failures="0" tests="1" name="testcase.TESTSORT" time="0.020" errors="0" timestamp="2023-08-16T10:29:02 EDT" skipped="0">
  <testcase classname="testcase.TESTSORT" name="testBLSBetaLabs" time="0.020"/>
  <system-out/>
</testsuite> <!-- testcase.TESTSORT -->
