<?xml version="1.0" encoding="UTF-8"?>
<!-- Generated by org.testng.reporters.JUnitReportReporter -->
<testsuite hostname="LAPTOP-1HPIPLEK" failures="0" tests="1" name="base.BaseTest" time="5.787" errors="0" timestamp="2023-08-10T11:46:38 EDT" skipped="0">
  <testcase classname="base.BaseTest" name="testHomepage" time="5.787"/>
  <system-out/>
</testsuite> <!-- base.BaseTest -->
